<?xml version="1.0" encoding="UTF-8"?>
<testsuite xmlns:xsi="http://www.w3.org/2001/XMLSchema-instance" xsi:noNamespaceSchemaLocation="https://maven.apache.org/surefire/maven-surefire-plugin/xsd/surefire-test-report.xsd" version="3.0.2" name="com.ideas.contracts.service.CheckControllerPostgresAuthFailureIntegrationTest" time="4.237" tests="1" errors="0" skipped="0" failures="0">
  <properties>
[...]
</properties>
  <testcase name="checksEndpointReturnsStructured503WhenPostgresCredentialsAreInvalid" classname="com.ideas.contracts.service.CheckControllerPostgresAuthFailureIntegrationTest" time="1.651">
    <system-out><![CDATA[14:24:57.005 [main] INFO org.springframework.test.context.support.AnnotationConfigContextLoaderUtils -- Could not detect default configuration classes for test class [com.ideas.contracts.service.CheckControllerPostgresAuthFailureIntegrationTest]: CheckControllerPostgresAuthFailureIntegrationTest does not declare any static, non-private, non-final, nested classes annotated with @Configuration.
14:24:57.059 [main] INFO org.springframework.boot.test.context.SpringBootTestContextBootstrapper -- Found @SpringBootConfiguration com.ideas.contracts.service.ContractServiceApplication for test class com.ideas.contracts.service.CheckControllerPostgresAuthFailureIntegrationTest

  .   ____          _            __ _ _
 /\\ / ___'_ __ _ _(_)_ __  __ _ \ \ \ \
( ( )\___ | '_ | '_| | '_ \/ _` | \ \ \ \
 \\/  ___)| |_)| | | | | || (_| |  ) ) ) )
  '  |____| .__|_| |_|_| |_\__, | / / / /
 =========|_|==============|___/=/_/_/_/

 :: Spring Boot ::                (v3.3.5)

2026-03-10T14:24:57.167+05:30  INFO 14878 --- [           main] rollerPostgresAuthFailureIntegrationTest : Starting CheckControllerPostgresAuthFailureIntegrationTest using Java 25.0.2 with PID 14878 (started by siddarthkanamadi in /Users/siddarthkanamadi/Personal_Projects/dcg/data-contract-governance/contract-service)
2026-03-10T14:24:57.168+05:30  INFO 14878 --- [           main] rollerPostgresAuthFailureIntegrationTest : No active profile set, falling back to 1 default profile: "default"
2026-03-10T14:24:57.527+05:30  INFO 14878 --- [           main] com.zaxxer.hikari.HikariDataSource       : check-run-store-pool - Starting...
2026-03-10T14:24:57.534+05:30  INFO 14878 --- [           main] com.zaxxer.hikari.HikariDataSource       : check-run-store-pool - Start completed.
2026-03-10T14:24:59.100+05:30 ERROR 14878 --- [           main] c.ideas.contracts.service.CheckRunStore  : event=db_operation_failed component=check_run_store operation=initialize_check_store db_target=jdbc:postgresql://localhost:5432/contracts?currentSchema=it_auth_failure_9d1cb4b76a744843ad9ec9ea8e10cbaa contract_id=- commit_sha=- sql_state=- sql_vendor_code=- error_type=FlywaySqlException error_message=Unable to obtain connection from database: check-run-store-pool - Connection is not available, request timed out after 505ms (total=0, active=0, idle=0, waiting=0)
-------------------------------------------------------------------------------------------------------------------------------------------------------------------
SQL State  : 28000
Error Code : 0
Message    : FATAL: role "dcg_missing_user_bab2df9d1cbf4ebdbe2a70d27396ebe5" does not exist

2026-03-10T14:24:59.101+05:30  WARN 14878 --- [           main] c.ideas.contracts.service.CheckRunStore  : event=check_store_init_deferred component=check_run_store db_target=jdbc:postgresql://localhost:5432/contracts?currentSchema=it_auth_failure_9d1cb4b76a744843ad9ec9ea8e10cbaa message=Will retry on first checks request
2026-03-10T14:24:59.197+05:30  INFO 14878 --- [           main] r$InitializeUserDetailsManagerConfigurer : Global AuthenticationManager configured with UserDetailsService bean with name userDetailsService
2026-03-10T14:24:59.425+05:30  INFO 14878 --- [           main] o.s.b.a.e.web.EndpointLinksResolver      : Exposing 3 endpoints beneath base path '/actuator'
2026-03-10T14:24:59.441+05:30  INFO 14878 --- [           main] o.s.b.t.m.w.SpringBootMockServletContext : Initializing Spring TestDispatcherServlet ''
2026-03-10T14:24:59.442+05:30  INFO 14878 --- [           main] o.s.t.web.servlet.TestDispatcherServlet  : Initializing Servlet ''
2026-03-10T14:24:59.442+05:30  INFO 14878 --- [           main] o.s.t.web.servlet.TestDispatcherServlet  : Completed initialization in 0 ms
2026-03-10T14:24:59.463+05:30  INFO 14878 --- [           main] rollerPostgresAuthFailureIntegrationTest : Started CheckControllerPostgresAuthFailureIntegrationTest in 2.372 seconds (process running for 2.729)
2026-03-10T14:25:01.113+05:30 ERROR 14878 --- [           main] c.ideas.contracts.service.CheckRunStore  : event=db_operation_failed component=check_run_store operation=initialize_check_store db_target=jdbc:postgresql://localhost:5432/contracts?currentSchema=it_auth_failure_9d1cb4b76a744843ad9ec9ea8e10cbaa contract_id=- commit_sha=- sql_state=- sql_vendor_code=- error_type=FlywaySqlException error_message=Unable to obtain connection from database: check-run-store-pool - Connection is not available, request timed out after 504ms (total=0, active=0, idle=0, waiting=0)
-------------------------------------------------------------------------------------------------------------------------------------------------------------------
SQL State  : 28000
Error Code : 0
Message    : FATAL: role "dcg_missing_user_bab2df9d1cbf4ebdbe2a70d27396ebe5" does not exist

2026-03-10T14:25:01.121+05:30  WARN 14878 --- [           main] c.i.c.service.ApiExceptionHandler        : event=request_failed component=api_exception_handler error_code=CHECK_STORE_UNAVAILABLE path=/checks request_id=d48cda44-2157-4303-aed6-484f7bca7ca5 error_type=CheckRunStoreException error_message=Check history store is currently unavailable.
]]></system-out>
  </testcase>
</testsuite>