<?xml version="1.0" encoding="UTF-8"?>
<testsuite xmlns:xsi="http://www.w3.org/2001/XMLSchema-instance" xsi:noNamespaceSchemaLocation="https://maven.apache.org/surefire/maven-surefire-plugin/xsd/surefire-test-report.xsd" version="3.0.2" name="com.ideas.contracts.service.ContractServiceApiIntegrationTest" time="0.215" tests="10" errors="0" skipped="0" failures="0">
  <properties>
[...]
</properties>
  <testcase name="contractsEndpointReturnsSeededContract" classname="com.ideas.contracts.service.ContractServiceApiIntegrationTest" time="0.011">
    <system-out><![CDATA[2026-03-15T09:45:37.164+05:30  INFO 23504 --- [           main] t.c.s.AnnotationConfigContextLoaderUtils : Could not detect default configuration classes for test class [com.ideas.contracts.service.ContractServiceApiIntegrationTest]: ContractServiceApiIntegrationTest does not declare any static, non-private, non-final, nested classes annotated with @Configuration.
2026-03-15T09:45:37.165+05:30  INFO 23504 --- [           main] .b.t.c.SpringBootTestContextBootstrapper : Found @SpringBootConfiguration com.ideas.contracts.service.ContractServiceApplication for test class com.ideas.contracts.service.ContractServiceApiIntegrationTest

  .   ____          _            __ _ _
 /\\ / ___'_ __ _ _(_)_ __  __ _ \ \ \ \
( ( )\___ | '_ | '_| | '_ \/ _` | \ \ \ \
 \\/  ___)| |_)| | | | | || (_| |  ) ) ) )
  '  |____| .__|_| |_|_| |_\__, | / / / /
 =========|_|==============|___/=/_/_/_/

 :: Spring Boot ::                (v3.3.5)

2026-03-15T09:45:37.173+05:30  INFO 23504 --- [           main] .i.c.s.ContractServiceApiIntegrationTest : Starting ContractServiceApiIntegrationTest using Java 25.0.2 with PID 23504 (started by siddarthkanamadi in /Users/siddarthkanamadi/Personal_Projects/dcg/data-contract-governance/contract-service)
2026-03-15T09:45:37.173+05:30  INFO 23504 --- [           main] .i.c.s.ContractServiceApiIntegrationTest : No active profile set, falling back to 1 default profile: "default"
2026-03-15T09:45:37.247+05:30  INFO 23504 --- [           main] com.zaxxer.hikari.HikariDataSource       : check-run-store-pool - Starting...
2026-03-15T09:45:37.247+05:30  INFO 23504 --- [           main] com.zaxxer.hikari.HikariDataSource       : check-run-store-pool - Start completed.
2026-03-15T09:45:37.248+05:30  WARN 23504 --- [           main] c.ideas.contracts.service.CheckRunStore  : event=check_store_migrations_fallback component=check_run_store path=/Users/siddarthkanamadi/Personal_Projects/dcg/data-contract-governance/contract-service/../contract-core/src/main/resources/db/migration message=Using filesystem migrations
2026-03-15T09:45:37.251+05:30  INFO 23504 --- [           main] org.flywaydb.core.FlywayExecutor         : Database: jdbc:sqlite:/var/folders/x1/rk88_1cs6sg8yvcgzzsfnvkm0000gn/T/contract-service-it-14132374867098250013/checks.db (SQLite 3.47)
2026-03-15T09:45:37.252+05:30  INFO 23504 --- [           main] o.f.c.i.s.JdbcTableSchemaHistory         : Schema history table "main"."flyway_schema_history" does not exist yet
2026-03-15T09:45:37.252+05:30  INFO 23504 --- [           main] o.f.core.internal.command.DbValidate     : Successfully validated 4 migrations (execution time 00:00.000s)
2026-03-15T09:45:37.252+05:30  INFO 23504 --- [           main] o.f.c.i.s.JdbcTableSchemaHistory         : Creating Schema History table "main"."flyway_schema_history" ...
2026-03-15T09:45:37.254+05:30  INFO 23504 --- [           main] o.f.core.internal.command.DbMigrate      : Current version of schema "main": << Empty Schema >>
2026-03-15T09:45:37.255+05:30  INFO 23504 --- [           main] o.f.core.internal.command.DbMigrate      : Migrating schema "main" to version "1 - create check runs"
2026-03-15T09:45:37.256+05:30  INFO 23504 --- [           main] o.f.core.internal.command.DbMigrate      : Migrating schema "main" to version "2 - add check run indexes"
2026-03-15T09:45:37.257+05:30  INFO 23504 --- [           main] o.f.core.internal.command.DbMigrate      : Migrating schema "main" to version "3 - add check run queue fields"
2026-03-15T09:45:37.258+05:30  INFO 23504 --- [           main] o.f.core.internal.command.DbMigrate      : Migrating schema "main" to version "4 - create check run logs"
2026-03-15T09:45:37.259+05:30  INFO 23504 --- [           main] o.f.core.internal.command.DbMigrate      : Successfully applied 4 migrations to schema "main", now at version v4 (execution time 00:00.000s)
2026-03-15T09:45:37.259+05:30  INFO 23504 --- [           main] c.ideas.contracts.service.CheckRunStore  : event=check_store_initialized component=check_run_store db_target=/var/folders/x1/rk88_1cs6sg8yvcgzzsfnvkm0000gn/T/contract-service-it-14132374867098250013/checks.db backend=sqlite
2026-03-15T09:45:37.273+05:30  INFO 23504 --- [           main] r$InitializeUserDetailsManagerConfigurer : Global AuthenticationManager configured with UserDetailsService bean with name userDetailsService
2026-03-15T09:45:37.313+05:30  INFO 23504 --- [           main] o.s.b.a.e.web.EndpointLinksResolver      : Exposing 1 endpoint beneath base path '/actuator'
2026-03-15T09:45:37.316+05:30  INFO 23504 --- [           main] o.s.b.t.m.w.SpringBootMockServletContext : Initializing Spring TestDispatcherServlet ''
2026-03-15T09:45:37.316+05:30  INFO 23504 --- [           main] o.s.t.web.servlet.TestDispatcherServlet  : Initializing Servlet ''
2026-03-15T09:45:37.317+05:30  INFO 23504 --- [           main] o.s.t.web.servlet.TestDispatcherServlet  : Completed initialization in 1 ms
2026-03-15T09:45:37.322+05:30  INFO 23504 --- [           main] .i.c.s.ContractServiceApiIntegrationTest : Started ContractServiceApiIntegrationTest in 0.156 seconds (process running for 1.778)
2026-03-15T09:45:37.327+05:30  INFO 23504 --- [           main] org.flywaydb.core.FlywayExecutor         : Database: jdbc:sqlite:/var/folders/x1/rk88_1cs6sg8yvcgzzsfnvkm0000gn/T/contract-service-it-14132374867098250013/checks.db (SQLite 3.47)
2026-03-15T09:45:37.328+05:30  INFO 23504 --- [           main] o.f.core.internal.command.DbValidate     : Successfully validated 4 migrations (execution time 00:00.000s)
2026-03-15T09:45:37.328+05:30  INFO 23504 --- [           main] o.f.core.internal.command.DbMigrate      : Current version of schema "main": 4
2026-03-15T09:45:37.328+05:30  WARN 23504 --- [           main] o.f.core.internal.command.DbMigrate      : Schema "main" has a version (4) that is newer than the latest available migration (3) !
2026-03-15T09:45:37.328+05:30  INFO 23504 --- [           main] o.f.core.internal.command.DbMigrate      : Schema "main" is up to date. No migration necessary.
]]></system-out>
  </testcase>
  <testcase name="checksPageEndpointReturns400ForInvalidLimit" classname="com.ideas.contracts.service.ContractServiceApiIntegrationTest" time="0.006">
    <system-out><![CDATA[2026-03-15T09:45:37.342+05:30  WARN 23504 --- [           main] c.i.c.service.ApiExceptionHandler        : event=request_failed component=api_exception_handler error_code=INVALID_REQUEST path=/checks/page request_id=e722655b-4004-444d-9660-316b47c7ea6a error_type=IllegalArgumentException error_message=limit must be between 1 and 200.
]]></system-out>
  </testcase>
  <testcase name="checksCreateEndpointRejectsInvalidMode" classname="com.ideas.contracts.service.ContractServiceApiIntegrationTest" time="0.007">
    <system-out><![CDATA[2026-03-15T09:45:37.352+05:30  WARN 23504 --- [           main] c.i.c.service.ApiExceptionHandler        : event=request_failed component=api_exception_handler error_code=INVALID_REQUEST path=/checks request_id=c390f588-7f44-4bad-8fb3-ca55b1f701cb error_type=IllegalArgumentException error_message=mode must be one of BACKWARD, FORWARD, FULL.
]]></system-out>
  </testcase>
  <testcase name="checksEndpointReturnsStructuredArrays" classname="com.ideas.contracts.service.ContractServiceApiIntegrationTest" time="0.004"/>
  <testcase name="checkRunEndpointReturns404ForUnknownRunId" classname="com.ideas.contracts.service.ContractServiceApiIntegrationTest" time="0.003">
    <system-out><![CDATA[2026-03-15T09:45:37.359+05:30  WARN 23504 --- [           main] c.i.c.service.ApiExceptionHandler        : event=request_failed component=api_exception_handler error_code=CHECK_RUN_NOT_FOUND path=/checks/unknown-run request_id=5c0dbc2b-ac78-4a87-b4ba-95b8b2442cb4 error_type=CheckRunNotFoundException error_message=Check run not found: unknown-run
]]></system-out>
  </testcase>
  <testcase name="checksCreateEndpointQueuesRunAndPersists" classname="com.ideas.contracts.service.ContractServiceApiIntegrationTest" time="0.006"/>
  <testcase name="checkRunEndpointReturnsSingleRunById" classname="com.ideas.contracts.service.ContractServiceApiIntegrationTest" time="0.002"/>
  <testcase name="checkRunLogsEndpointReturnsLogsForRun" classname="com.ideas.contracts.service.ContractServiceApiIntegrationTest" time="0.003"/>
  <testcase name="checksPageEndpointReturnsPaginatedPayload" classname="com.ideas.contracts.service.ContractServiceApiIntegrationTest" time="0.003"/>
  <testcase name="checkRunLogsEndpointReturns404ForUnknownRunId" classname="com.ideas.contracts.service.ContractServiceApiIntegrationTest" time="0.002">
    <system-out><![CDATA[2026-03-15T09:45:37.376+05:30  WARN 23504 --- [           main] c.i.c.service.ApiExceptionHandler        : event=request_failed component=api_exception_handler error_code=CHECK_RUN_NOT_FOUND path=/checks/unknown-run/logs request_id=2db84c2c-12e9-47ea-b2a3-642a525f50ea error_type=CheckRunNotFoundException error_message=Check run not found: unknown-run
]]></system-out>
  </testcase>
</testsuite>