<?xml version="1.0" encoding="UTF-8"?>
<testsuite xmlns:xsi="http://www.w3.org/2001/XMLSchema-instance" xsi:noNamespaceSchemaLocation="https://maven.apache.org/surefire/maven-surefire-plugin/xsd/surefire-test-report.xsd" version="3.0.2" name="com.ideas.contracts.service.PostApiStrictIntegrationTest" time="0.292" tests="13" errors="0" skipped="0" failures="0">
  <properties>
[...]
</properties>
  <testcase name="contractVersionCreateRejectsNonIncrementalVersion" classname="com.ideas.contracts.service.PostApiStrictIntegrationTest" time="0.017">
    <system-out><![CDATA[2026-05-03T00:38:45.246+05:30  INFO 3379 --- [           main] t.c.s.AnnotationConfigContextLoaderUtils : Could not detect default configuration classes for test class [com.ideas.contracts.service.PostApiStrictIntegrationTest]: PostApiStrictIntegrationTest does not declare any static, non-private, non-final, nested classes annotated with @Configuration.
2026-05-03T00:38:45.250+05:30  INFO 3379 --- [           main] .b.t.c.SpringBootTestContextBootstrapper : Found @SpringBootConfiguration com.ideas.contracts.service.ContractServiceApplication for test class com.ideas.contracts.service.PostApiStrictIntegrationTest

  .   ____          _            __ _ _
 /\\ / ___'_ __ _ _(_)_ __  __ _ \ \ \ \
( ( )\___ | '_ | '_| | '_ \/ _` | \ \ \ \
 \\/  ___)| |_)| | | | | || (_| |  ) ) ) )
  '  |____| .__|_| |_|_| |_\__, | / / / /
 =========|_|==============|___/=/_/_/_/

 :: Spring Boot ::                (v3.3.5)

2026-05-03T00:38:45.268+05:30  INFO 3379 --- [           main] c.i.c.s.PostApiStrictIntegrationTest     : Starting PostApiStrictIntegrationTest using Java 21.0.11 with PID 3379 (started by divyapatil in /Users/divyapatil/Siddarth_Project_Code/dcg_diva/data-contract-governance/contract-service)
2026-05-03T00:38:45.269+05:30  INFO 3379 --- [           main] c.i.c.s.PostApiStrictIntegrationTest     : No active profile set, falling back to 1 default profile: "default"
2026-05-03T00:38:45.392+05:30  INFO 3379 --- [           main] com.zaxxer.hikari.HikariDataSource       : check-run-store-pool - Starting...
2026-05-03T00:38:45.392+05:30  INFO 3379 --- [           main] com.zaxxer.hikari.HikariDataSource       : check-run-store-pool - Start completed.
2026-05-03T00:38:45.395+05:30  INFO 3379 --- [           main] org.flywaydb.core.FlywayExecutor         : Database: jdbc:sqlite:/var/folders/p8/1k_txy6s749fy_h9mx6my8qr0000gn/T/post-api-strict-it-10841324177557996377/checks.db (SQLite 3.47)
2026-05-03T00:38:45.397+05:30  INFO 3379 --- [           main] o.f.c.i.s.JdbcTableSchemaHistory         : Schema history table "main"."flyway_schema_history" does not exist yet
2026-05-03T00:38:45.397+05:30  INFO 3379 --- [           main] o.f.core.internal.command.DbValidate     : Successfully validated 6 migrations (execution time 00:00.001s)
2026-05-03T00:38:45.397+05:30  INFO 3379 --- [           main] o.f.c.i.s.JdbcTableSchemaHistory         : Creating Schema History table "main"."flyway_schema_history" ...
2026-05-03T00:38:45.398+05:30  INFO 3379 --- [           main] o.f.core.internal.command.DbMigrate      : Current version of schema "main": << Empty Schema >>
2026-05-03T00:38:45.399+05:30  INFO 3379 --- [           main] o.f.core.internal.command.DbMigrate      : Migrating schema "main" to version "1 - create check runs"
2026-05-03T00:38:45.400+05:30  INFO 3379 --- [           main] o.f.core.internal.command.DbMigrate      : Migrating schema "main" to version "2 - add check run indexes"
2026-05-03T00:38:45.401+05:30  INFO 3379 --- [           main] o.f.core.internal.command.DbMigrate      : Migrating schema "main" to version "3 - add check run queue fields"
2026-05-03T00:38:45.402+05:30  INFO 3379 --- [           main] o.f.core.internal.command.DbMigrate      : Migrating schema "main" to version "4 - create check run logs"
2026-05-03T00:38:45.403+05:30  INFO 3379 --- [           main] o.f.core.internal.command.DbMigrate      : Migrating schema "main" to version "5 - create audit logs"
2026-05-03T00:38:45.403+05:30  INFO 3379 --- [           main] o.f.core.internal.command.DbMigrate      : Migrating schema "main" to version "6 - add check run operational indexes"
2026-05-03T00:38:45.404+05:30  INFO 3379 --- [           main] o.f.core.internal.command.DbMigrate      : Successfully applied 6 migrations to schema "main", now at version v6 (execution time 00:00.000s)
2026-05-03T00:38:45.404+05:30  INFO 3379 --- [           main] c.ideas.contracts.service.CheckRunStore  : event=check_store_initialized component=check_run_store db_target=/var/folders/p8/1k_txy6s749fy_h9mx6my8qr0000gn/T/post-api-strict-it-10841324177557996377/checks.db backend=sqlite
2026-05-03T00:38:45.414+05:30  INFO 3379 --- [           main] r$InitializeUserDetailsManagerConfigurer : Global AuthenticationManager configured with UserDetailsService bean with name userDetailsService
2026-05-03T00:38:45.448+05:30  INFO 3379 --- [           main] o.s.b.a.e.web.EndpointLinksResolver      : Exposing 1 endpoint beneath base path '/actuator'
2026-05-03T00:38:45.451+05:30  INFO 3379 --- [           main] o.s.b.t.m.w.SpringBootMockServletContext : Initializing Spring TestDispatcherServlet ''
2026-05-03T00:38:45.451+05:30  INFO 3379 --- [           main] o.s.t.web.servlet.TestDispatcherServlet  : Initializing Servlet ''
2026-05-03T00:38:45.451+05:30  INFO 3379 --- [           main] o.s.t.web.servlet.TestDispatcherServlet  : Completed initialization in 0 ms
2026-05-03T00:38:45.456+05:30  INFO 3379 --- [           main] c.i.c.s.PostApiStrictIntegrationTest     : Started PostApiStrictIntegrationTest in 0.202 seconds (process running for 61.191)
2026-05-03T00:38:45.472+05:30  WARN 3379 --- [           main] c.i.c.service.ApiExceptionHandler        : event=request_failed component=api_exception_handler error_code=SCHEMA_VALIDATION_FAILED path=/contracts/orders.created/versions request_id=c2ef3c88-404b-4cfb-91b6-47b4217cbc3b error_type=SchemaValidationException error_message=Version sequence must be incremental. Expected v3.
]]></system-out>
  </testcase>
  <testcase name="contractsCreateRejectsDuplicateContractWithConflict" classname="com.ideas.contracts.service.PostApiStrictIntegrationTest" time="0.007">
    <system-out><![CDATA[2026-05-03T00:38:45.480+05:30  WARN 3379 --- [           main] c.i.c.service.ApiExceptionHandler        : event=request_failed component=api_exception_handler error_code=RESOURCE_CONFLICT path=/contracts request_id=2d5674d0-3e58-4bbc-89e1-292b5d386d70 error_type=SchemaValidationException error_message=Contract already exists: ledger.entry1
]]></system-out>
  </testcase>
  <testcase name="contractVersionCreateRejectsMalformedJsonPayload" classname="com.ideas.contracts.service.PostApiStrictIntegrationTest" time="0.003">
    <system-out><![CDATA[2026-05-03T00:38:45.483+05:30  WARN 3379 --- [           main] c.i.c.service.ApiExceptionHandler        : event=request_failed component=api_exception_handler error_code=INVALID_REQUEST path=/contracts/orders.created/versions request_id=41b8bd67-40de-4d49-b861-00e2e9764b6d error_type=HttpMessageNotReadableException error_message=JSON parse error: Unexpected end-of-input: expected close marker for Object (start marker at [Source: REDACTED (`StreamReadFeature.INCLUDE_SOURCE_IN_LOCATION` disabled); line: 1, column: 1])
]]></system-out>
  </testcase>
  <testcase name="contractVersionCreateRejectsMissingContract" classname="com.ideas.contracts.service.PostApiStrictIntegrationTest" time="0.003">
    <system-out><![CDATA[2026-05-03T00:38:45.487+05:30  WARN 3379 --- [           main] c.i.c.service.ApiExceptionHandler        : event=request_failed component=api_exception_handler error_code=RESOURCE_NOT_FOUND path=/contracts/unknown.contract/versions request_id=5552cdeb-ccf9-4f80-883b-f160f3dc8687 error_type=SchemaValidationException error_message=Contract not found: unknown.contract
]]></system-out>
  </testcase>
  <testcase name="checksCreateRejectsSameBaseAndCandidateVersion" classname="com.ideas.contracts.service.PostApiStrictIntegrationTest" time="0.003">
    <system-out><![CDATA[2026-05-03T00:38:45.489+05:30  WARN 3379 --- [           main] c.i.c.service.ApiExceptionHandler        : event=request_failed component=api_exception_handler error_code=INVALID_REQUEST path=/checks request_id=8ae616cb-4c2f-4e1e-a741-985fffd63623 error_type=HttpMessageNotReadableException error_message=JSON parse error: Cannot construct instance of `com.ideas.contracts.service.model.CheckRunCreateRequest`, problem: baseVersion must differ from candidateVersion.
]]></system-out>
  </testcase>
  <testcase name="uiContractCheckPostRedirectsAndStoresUiTriggeredRun" classname="com.ideas.contracts.service.PostApiStrictIntegrationTest" time="0.008">
    <system-out><![CDATA[2026-05-03T00:38:45.493+05:30  INFO 3379 --- [           main] c.ideas.contracts.service.UiController   : event=ui_route_access component=ui_controller route=contract_check_run request_id=519c3183-b055-43ca-9632-1ecaf1eebe4a arg1=orders.created arg2=v1->v2
]]></system-out>
  </testcase>
  <testcase name="contractsCreateDefaultsInitialVersionAndWritesAuditLog" classname="com.ideas.contracts.service.PostApiStrictIntegrationTest" time="0.008"/>
  <testcase name="uiContractCheckPostReturnsNotFoundForUnknownContract" classname="com.ideas.contracts.service.PostApiStrictIntegrationTest" time="0.002">
    <system-out><![CDATA[2026-05-03T00:38:45.506+05:30  INFO 3379 --- [           main] c.ideas.contracts.service.UiController   : event=ui_route_access component=ui_controller route=contract_check_run request_id=6ebb8d78-67cc-4cdf-96ff-a75be35a1ba6 arg1=unknown.contract arg2=v1->v2
2026-05-03T00:38:45.507+05:30  WARN 3379 --- [           main] c.i.c.service.ApiExceptionHandler        : event=request_failed component=api_exception_handler error_code=RESOURCE_NOT_FOUND path=/ui/contracts/unknown.contract/checks request_id=6ebb8d78-67cc-4cdf-96ff-a75be35a1ba6 error_type=ResponseStatusException error_message=404 NOT_FOUND "Contract not found: unknown.contract"
]]></system-out>
  </testcase>
  <testcase name="checksCreateNormalizesWhitespaceAndModeBeforePersisting" classname="com.ideas.contracts.service.PostApiStrictIntegrationTest" time="0.004"/>
  <testcase name="contractsCreateRejectsInvalidContractId" classname="com.ideas.contracts.service.PostApiStrictIntegrationTest" time="0.002">
    <system-out><![CDATA[2026-05-03T00:38:45.513+05:30  WARN 3379 --- [           main] c.i.c.service.ApiExceptionHandler        : event=request_failed component=api_exception_handler error_code=INVALID_REQUEST path=/contracts request_id=644e879b-03fb-4ab1-933a-56d31710cef1 error_type=HttpMessageNotReadableException error_message=JSON parse error: Cannot construct instance of `com.ideas.contracts.service.model.CreateContractRequest`, problem: contractId must use lowercase dot-separated format.
]]></system-out>
  </testcase>
  <testcase name="contractVersionCreateRejectsBreakingChangesInStrictMode" classname="com.ideas.contracts.service.PostApiStrictIntegrationTest" time="0.005">
    <system-out><![CDATA[2026-05-03T00:38:45.518+05:30  WARN 3379 --- [           main] c.i.c.service.ApiExceptionHandler        : event=request_failed component=api_exception_handler error_code=COMPATIBILITY_FAILED path=/contracts/orders.created/versions request_id=1ca5f6be-a015-4637-9af3-aa2618d046fa error_type=CompatibilityException error_message=Strict mode rejected version v3. Breaking changes: Field type changed: orderId (string -> integer)
]]></system-out>
  </testcase>
  <testcase name="uiContractCheckPostShowsValidationErrorOnInvalidVersionPair" classname="com.ideas.contracts.service.PostApiStrictIntegrationTest" time="0.014">
    <system-out><![CDATA[2026-05-03T00:38:45.521+05:30  INFO 3379 --- [           main] c.ideas.contracts.service.UiController   : event=ui_route_access component=ui_controller route=contract_check_run request_id=841e07f4-926c-4417-81cc-12588934ab53 arg1=orders.created arg2=v2->v2
]]></system-out>
  </testcase>
  <testcase name="checksCreateRejectsMalformedJsonPayload" classname="com.ideas.contracts.service.PostApiStrictIntegrationTest" time="0.002">
    <system-out><![CDATA[2026-05-03T00:38:45.535+05:30  WARN 3379 --- [           main] c.i.c.service.ApiExceptionHandler        : event=request_failed component=api_exception_handler error_code=INVALID_REQUEST path=/checks request_id=a24f1e02-631b-45c0-abcc-dc6d32062a2f error_type=HttpMessageNotReadableException error_message=JSON parse error: Unexpected end-of-input: expected close marker for Object (start marker at [Source: REDACTED (`StreamReadFeature.INCLUDE_SOURCE_IN_LOCATION` disabled); line: 1, column: 1])
]]></system-out>
  </testcase>
</testsuite>