<?xml version="1.0" encoding="UTF-8"?>
<testsuite xmlns:xsi="http://www.w3.org/2001/XMLSchema-instance" xsi:noNamespaceSchemaLocation="https://maven.apache.org/surefire/maven-surefire-plugin/xsd/surefire-test-report.xsd" version="3.0.2" name="com.ideas.contracts.service.CheckRunStoreMySqlPathTest" time="9.612" tests="4" errors="0" skipped="0" failures="0">
  <properties>
[...]
</properties>
  <testcase name="mySqlPathNetworkFailureReturnsUnavailableStoreException" classname="com.ideas.contracts.service.CheckRunStoreMySqlPathTest" time="4.601">
    <system-out><![CDATA[00:28:43.703 [main] INFO com.zaxxer.hikari.HikariDataSource -- check-run-store-pool - Starting...
00:28:43.712 [main] INFO com.zaxxer.hikari.HikariDataSource -- check-run-store-pool - Start completed.
00:28:43.712 [main] INFO com.ideas.contracts.service.CheckRunStore -- event=check_store_migrations_selected component=check_run_store backend=mysql locations=classpath:db/migration-mysql
00:28:45.500 [main] ERROR com.ideas.contracts.service.CheckRunStore -- event=db_operation_failed component=check_run_store operation=initialize_check_store db_target=jdbc:mysql://127.0.0.1:1/contracts?connectTimeout=1000&socketTimeout=1000&useSSL=false contract_id=- commit_sha=- sql_state=- sql_vendor_code=- error_type=FlywaySqlException error_message=Unable to obtain connection from database: check-run-store-pool - Connection is not available, request timed out after 255ms (total=0, active=0, idle=0, waiting=0)
-------------------------------------------------------------------------------------------------------------------------------------------------------------------
SQL State  : 08S01
Error Code : 0
Message    : Communications link failure

The last packet sent successfully to the server was 0 milliseconds ago. The driver has not received any packets from the server.

00:28:45.501 [main] WARN com.ideas.contracts.service.CheckRunStore -- event=check_store_init_deferred component=check_run_store db_target=jdbc:mysql://127.0.0.1:1/contracts?connectTimeout=1000&socketTimeout=1000&useSSL=false message=Will retry on first checks request
00:28:45.502 [main] INFO com.ideas.contracts.service.CheckRunStore -- event=check_store_migrations_selected component=check_run_store backend=mysql locations=classpath:db/migration-mysql
00:28:47.295 [main] ERROR com.ideas.contracts.service.CheckRunStore -- event=db_operation_failed component=check_run_store operation=initialize_check_store db_target=jdbc:mysql://127.0.0.1:1/contracts?connectTimeout=1000&socketTimeout=1000&useSSL=false contract_id=- commit_sha=- sql_state=- sql_vendor_code=- error_type=FlywaySqlException error_message=Unable to obtain connection from database: check-run-store-pool - Connection is not available, request timed out after 251ms (total=0, active=0, idle=0, waiting=0)
-------------------------------------------------------------------------------------------------------------------------------------------------------------------
SQL State  : 08S01
Error Code : 0
Message    : Communications link failure

The last packet sent successfully to the server was 0 milliseconds ago. The driver has not received any packets from the server.

00:28:47.296 [main] INFO com.zaxxer.hikari.HikariDataSource -- check-run-store-pool - Shutdown initiated...
00:28:48.301 [main] WARN com.zaxxer.hikari.pool.HikariPool -- Timed-out waiting for add connection executor to shutdown
00:28:48.302 [main] INFO com.zaxxer.hikari.HikariDataSource -- check-run-store-pool - Shutdown completed.
]]></system-out>
  </testcase>
  <testcase name="mySqlPathSchemaMismatchThrowsQueryFailure" classname="com.ideas.contracts.service.CheckRunStoreMySqlPathTest" time="0.281">
    <system-out><![CDATA[00:28:48.369 [main] INFO org.flywaydb.core.FlywayExecutor -- Database: jdbc:mysql://localhost:3306/unit_schema_mismatch_2e0492a34fba4e2394e23247ab384419 (MySQL 8.0)
00:28:48.377 [main] INFO org.flywaydb.core.internal.schemahistory.JdbcTableSchemaHistory -- Schema history table `unit_schema_mismatch_2e0492a34fba4e2394e23247ab384419`.`flyway_schema_history` does not exist yet
00:28:48.377 [main] INFO org.flywaydb.core.internal.command.DbValidate -- Successfully validated 6 migrations (execution time 00:00.004s)
00:28:48.388 [main] INFO org.flywaydb.core.internal.schemahistory.JdbcTableSchemaHistory -- Creating Schema History table `unit_schema_mismatch_2e0492a34fba4e2394e23247ab384419`.`flyway_schema_history` ...
00:28:48.412 [main] INFO org.flywaydb.core.internal.command.DbMigrate -- Current version of schema `unit_schema_mismatch_2e0492a34fba4e2394e23247ab384419`: << Empty Schema >>
00:28:48.413 [main] INFO org.flywaydb.core.internal.command.DbMigrate -- Migrating schema `unit_schema_mismatch_2e0492a34fba4e2394e23247ab384419` to version "1 - create check runs"
00:28:48.429 [main] INFO org.flywaydb.core.internal.command.DbMigrate -- Migrating schema `unit_schema_mismatch_2e0492a34fba4e2394e23247ab384419` to version "2 - add check run indexes"
00:28:48.448 [main] INFO org.flywaydb.core.internal.command.DbMigrate -- Migrating schema `unit_schema_mismatch_2e0492a34fba4e2394e23247ab384419` to version "3 - add check run queue fields"
00:28:48.489 [main] INFO org.flywaydb.core.internal.command.DbMigrate -- Migrating schema `unit_schema_mismatch_2e0492a34fba4e2394e23247ab384419` to version "4 - create check run logs"
00:28:48.501 [main] INFO org.flywaydb.core.internal.command.DbMigrate -- Migrating schema `unit_schema_mismatch_2e0492a34fba4e2394e23247ab384419` to version "5 - create audit logs"
00:28:48.518 [main] INFO org.flywaydb.core.internal.command.DbMigrate -- Migrating schema `unit_schema_mismatch_2e0492a34fba4e2394e23247ab384419` to version "6 - add check run operational indexes"
00:28:48.530 [main] INFO org.flywaydb.core.internal.command.DbMigrate -- Successfully applied 6 migrations to schema `unit_schema_mismatch_2e0492a34fba4e2394e23247ab384419`, now at version v6 (execution time 00:00.077s)
00:28:48.539 [main] INFO com.zaxxer.hikari.HikariDataSource -- check-run-store-pool - Starting...
00:28:48.539 [main] INFO com.zaxxer.hikari.HikariDataSource -- check-run-store-pool - Start completed.
00:28:48.539 [main] INFO com.ideas.contracts.service.CheckRunStore -- event=check_store_migrations_selected component=check_run_store backend=mysql locations=classpath:db/migration-mysql
00:28:48.545 [main] INFO org.flywaydb.core.FlywayExecutor -- Database: jdbc:mysql://localhost:3306/unit_schema_mismatch_2e0492a34fba4e2394e23247ab384419 (MySQL 8.0)
00:28:48.549 [main] INFO org.flywaydb.core.internal.command.DbValidate -- Successfully validated 6 migrations (execution time 00:00.002s)
00:28:48.551 [main] INFO org.flywaydb.core.internal.command.DbMigrate -- Current version of schema `unit_schema_mismatch_2e0492a34fba4e2394e23247ab384419`: 6
00:28:48.551 [main] INFO org.flywaydb.core.internal.command.DbMigrate -- Schema `unit_schema_mismatch_2e0492a34fba4e2394e23247ab384419` is up to date. No migration necessary.
00:28:48.552 [main] INFO com.ideas.contracts.service.CheckRunStore -- event=check_store_initialized component=check_run_store db_target=jdbc:mysql://localhost:3306/unit_schema_mismatch_2e0492a34fba4e2394e23247ab384419?useSSL=false&allowPublicKeyRetrieval=true&serverTimezone=UTC backend=mysql
00:28:48.565 [main] ERROR com.ideas.contracts.service.CheckRunStore -- event=db_operation_failed component=check_run_store operation=list_check_runs db_target=jdbc:mysql://localhost:3306/unit_schema_mismatch_2e0492a34fba4e2394e23247ab384419?useSSL=false&allowPublicKeyRetrieval=true&serverTimezone=UTC contract_id=orders.created commit_sha=- sql_state=42S22 sql_vendor_code=1054 error_type=SQLSyntaxErrorException error_message=Unknown column 'warnings' in 'field list'
00:28:48.565 [main] INFO com.zaxxer.hikari.HikariDataSource -- check-run-store-pool - Shutdown initiated...
00:28:48.578 [main] INFO com.zaxxer.hikari.HikariDataSource -- check-run-store-pool - Shutdown completed.
]]></system-out>
  </testcase>
  <testcase name="mySqlPathSuccessReturnsStoredRows" classname="com.ideas.contracts.service.CheckRunStoreMySqlPathTest" time="0.103">
    <system-out><![CDATA[00:28:48.590 [main] INFO com.zaxxer.hikari.HikariDataSource -- check-run-store-pool - Starting...
00:28:48.590 [main] INFO com.zaxxer.hikari.HikariDataSource -- check-run-store-pool - Start completed.
00:28:48.590 [main] INFO com.ideas.contracts.service.CheckRunStore -- event=check_store_migrations_selected component=check_run_store backend=mysql locations=classpath:db/migration-mysql
00:28:48.595 [main] INFO org.flywaydb.core.FlywayExecutor -- Database: jdbc:mysql://localhost:3306/unit_success_e4e3eb7c723044aaa7c2be3e9a7efb44 (MySQL 8.0)
00:28:48.598 [main] INFO org.flywaydb.core.internal.schemahistory.JdbcTableSchemaHistory -- Schema history table `unit_success_e4e3eb7c723044aaa7c2be3e9a7efb44`.`flyway_schema_history` does not exist yet
00:28:48.598 [main] INFO org.flywaydb.core.internal.command.DbValidate -- Successfully validated 6 migrations (execution time 00:00.001s)
00:28:48.602 [main] INFO org.flywaydb.core.internal.schemahistory.JdbcTableSchemaHistory -- Creating Schema History table `unit_success_e4e3eb7c723044aaa7c2be3e9a7efb44`.`flyway_schema_history` ...
00:28:48.609 [main] INFO org.flywaydb.core.internal.command.DbMigrate -- Current version of schema `unit_success_e4e3eb7c723044aaa7c2be3e9a7efb44`: << Empty Schema >>
00:28:48.610 [main] INFO org.flywaydb.core.internal.command.DbMigrate -- Migrating schema `unit_success_e4e3eb7c723044aaa7c2be3e9a7efb44` to version "1 - create check runs"
00:28:48.616 [main] INFO org.flywaydb.core.internal.command.DbMigrate -- Migrating schema `unit_success_e4e3eb7c723044aaa7c2be3e9a7efb44` to version "2 - add check run indexes"
00:28:48.625 [main] INFO org.flywaydb.core.internal.command.DbMigrate -- Migrating schema `unit_success_e4e3eb7c723044aaa7c2be3e9a7efb44` to version "3 - add check run queue fields"
00:28:48.648 [main] INFO org.flywaydb.core.internal.command.DbMigrate -- Migrating schema `unit_success_e4e3eb7c723044aaa7c2be3e9a7efb44` to version "4 - create check run logs"
00:28:48.656 [main] INFO org.flywaydb.core.internal.command.DbMigrate -- Migrating schema `unit_success_e4e3eb7c723044aaa7c2be3e9a7efb44` to version "5 - create audit logs"
00:28:48.670 [main] INFO org.flywaydb.core.internal.command.DbMigrate -- Migrating schema `unit_success_e4e3eb7c723044aaa7c2be3e9a7efb44` to version "6 - add check run operational indexes"
00:28:48.680 [main] INFO org.flywaydb.core.internal.command.DbMigrate -- Successfully applied 6 migrations to schema `unit_success_e4e3eb7c723044aaa7c2be3e9a7efb44`, now at version v6 (execution time 00:00.043s)
00:28:48.681 [main] INFO com.ideas.contracts.service.CheckRunStore -- event=check_store_initialized component=check_run_store db_target=jdbc:mysql://localhost:3306/unit_success_e4e3eb7c723044aaa7c2be3e9a7efb44?useSSL=false&allowPublicKeyRetrieval=true&serverTimezone=UTC backend=mysql
00:28:48.683 [main] INFO com.zaxxer.hikari.HikariDataSource -- check-run-store-pool - Shutdown initiated...
00:28:48.683 [main] INFO com.zaxxer.hikari.HikariDataSource -- check-run-store-pool - Shutdown completed.
]]></system-out>
  </testcase>
  <testcase name="mySqlPathAuthFailureReturnsUnavailableStoreException" classname="com.ideas.contracts.service.CheckRunStoreMySqlPathTest" time="4.602">
    <system-out><![CDATA[00:28:48.693 [main] INFO com.zaxxer.hikari.HikariDataSource -- check-run-store-pool - Starting...
00:28:48.693 [main] INFO com.zaxxer.hikari.HikariDataSource -- check-run-store-pool - Start completed.
00:28:48.693 [main] INFO com.ideas.contracts.service.CheckRunStore -- event=check_store_migrations_selected component=check_run_store backend=mysql locations=classpath:db/migration-mysql
00:28:50.476 [main] ERROR com.ideas.contracts.service.CheckRunStore -- event=db_operation_failed component=check_run_store operation=initialize_check_store db_target=jdbc:mysql://localhost:3306/unit_auth_failure_9c5a30d959f64dd0a5617aa7239e8709?useSSL=false&allowPublicKeyRetrieval=true&serverTimezone=UTC contract_id=- commit_sha=- sql_state=- sql_vendor_code=- error_type=FlywaySqlException error_message=Unable to obtain connection from database: check-run-store-pool - Connection is not available, request timed out after 252ms (total=0, active=0, idle=0, waiting=0)
-------------------------------------------------------------------------------------------------------------------------------------------------------------------
SQL State  : 28000
Error Code : 1045
Message    : Access denied for user 'dcg_missing_user_e82db766ed544da49c44bcc581061f6'@'localhost' (using password: YES)

00:28:50.476 [main] WARN com.ideas.contracts.service.CheckRunStore -- event=check_store_init_deferred component=check_run_store db_target=jdbc:mysql://localhost:3306/unit_auth_failure_9c5a30d959f64dd0a5617aa7239e8709?useSSL=false&allowPublicKeyRetrieval=true&serverTimezone=UTC message=Will retry on first checks request
00:28:50.477 [main] INFO com.ideas.contracts.service.CheckRunStore -- event=check_store_migrations_selected component=check_run_store backend=mysql locations=classpath:db/migration-mysql
00:28:52.272 [main] ERROR com.ideas.contracts.service.CheckRunStore -- event=db_operation_failed component=check_run_store operation=initialize_check_store db_target=jdbc:mysql://localhost:3306/unit_auth_failure_9c5a30d959f64dd0a5617aa7239e8709?useSSL=false&allowPublicKeyRetrieval=true&serverTimezone=UTC contract_id=- commit_sha=- sql_state=- sql_vendor_code=- error_type=FlywaySqlException error_message=Unable to obtain connection from database: check-run-store-pool - Connection is not available, request timed out after 254ms (total=0, active=0, idle=0, waiting=0)
-------------------------------------------------------------------------------------------------------------------------------------------------------------------
SQL State  : 28000
Error Code : 1045
Message    : Access denied for user 'dcg_missing_user_e82db766ed544da49c44bcc581061f6'@'localhost' (using password: YES)

00:28:52.273 [main] INFO com.zaxxer.hikari.HikariDataSource -- check-run-store-pool - Shutdown initiated...
00:28:53.278 [main] WARN com.zaxxer.hikari.pool.HikariPool -- Timed-out waiting for add connection executor to shutdown
00:28:53.279 [main] INFO com.zaxxer.hikari.HikariDataSource -- check-run-store-pool - Shutdown completed.
]]></system-out>
  </testcase>
</testsuite>