<?xml version="1.0" encoding="UTF-8"?>
<testsuite xmlns:xsi="http://www.w3.org/2001/XMLSchema-instance" xsi:noNamespaceSchemaLocation="https://maven.apache.org/surefire/maven-surefire-plugin/xsd/surefire-test-report.xsd" version="3.0.2" name="com.ideas.contracts.service.UiControllerIntegrationTest" time="1.489" tests="4" errors="0" skipped="0" failures="0">
  <properties>
[...]
</properties>
  <testcase name="checkDetailPageShowsDeveloperGuidance" classname="com.ideas.contracts.service.UiControllerIntegrationTest" time="0.192">
    <system-out><![CDATA[20:44:36.637 [main] INFO org.springframework.test.context.support.AnnotationConfigContextLoaderUtils -- Could not detect default configuration classes for test class [com.ideas.contracts.service.UiControllerIntegrationTest]: UiControllerIntegrationTest does not declare any static, non-private, non-final, nested classes annotated with @Configuration.
20:44:36.707 [main] INFO org.springframework.boot.test.context.SpringBootTestContextBootstrapper -- Found @SpringBootConfiguration com.ideas.contracts.service.ContractServiceApplication for test class com.ideas.contracts.service.UiControllerIntegrationTest

  .   ____          _            __ _ _
 /\\ / ___'_ __ _ _(_)_ __  __ _ \ \ \ \
( ( )\___ | '_ | '_| | '_ \/ _` | \ \ \ \
 \\/  ___)| |_)| | | | | || (_| |  ) ) ) )
  '  |____| .__|_| |_|_| |_\__, | / / / /
 =========|_|==============|___/=/_/_/_/

 :: Spring Boot ::                (v3.3.5)

2026-03-05T20:44:36.821+05:30  INFO 49347 --- [           main] c.i.c.s.UiControllerIntegrationTest      : Starting UiControllerIntegrationTest using Java 25.0.2 with PID 49347 (started by siddarthkanamadi in /Users/siddarthkanamadi/Personal_Projects/dcg/data-contract-governance/contract-service)
2026-03-05T20:44:36.821+05:30  INFO 49347 --- [           main] c.i.c.s.UiControllerIntegrationTest      : No active profile set, falling back to 1 default profile: "default"
2026-03-05T20:44:37.174+05:30  INFO 49347 --- [           main] com.zaxxer.hikari.HikariDataSource       : check-run-store-pool - Starting...
2026-03-05T20:44:37.180+05:30  INFO 49347 --- [           main] com.zaxxer.hikari.HikariDataSource       : check-run-store-pool - Start completed.
2026-03-05T20:44:37.451+05:30  INFO 49347 --- [           main] org.flywaydb.core.FlywayExecutor         : Database: jdbc:sqlite:/var/folders/x1/rk88_1cs6sg8yvcgzzsfnvkm0000gn/T/ui-controller-it-5807646549861125169/checks-ui.db (SQLite 3.47)
2026-03-05T20:44:37.461+05:30  INFO 49347 --- [           main] o.f.c.i.s.JdbcTableSchemaHistory         : Schema history table "main"."flyway_schema_history" does not exist yet
2026-03-05T20:44:37.462+05:30  INFO 49347 --- [           main] o.f.core.internal.command.DbValidate     : Successfully validated 2 migrations (execution time 00:00.003s)
2026-03-05T20:44:37.463+05:30  INFO 49347 --- [           main] o.f.c.i.s.JdbcTableSchemaHistory         : Creating Schema History table "main"."flyway_schema_history" ...
2026-03-05T20:44:37.471+05:30  INFO 49347 --- [           main] o.f.core.internal.command.DbMigrate      : Current version of schema "main": << Empty Schema >>
2026-03-05T20:44:37.473+05:30  INFO 49347 --- [           main] o.f.core.internal.command.DbMigrate      : Migrating schema "main" to version "1 - create check runs"
2026-03-05T20:44:37.476+05:30  INFO 49347 --- [           main] o.f.core.internal.command.DbMigrate      : Migrating schema "main" to version "2 - add check run indexes"
2026-03-05T20:44:37.478+05:30  INFO 49347 --- [           main] o.f.core.internal.command.DbMigrate      : Successfully applied 2 migrations to schema "main", now at version v2 (execution time 00:00.000s)
2026-03-05T20:44:37.479+05:30  INFO 49347 --- [           main] c.ideas.contracts.service.CheckRunStore  : event=check_store_initialized component=check_run_store db_target=/var/folders/x1/rk88_1cs6sg8yvcgzzsfnvkm0000gn/T/ui-controller-it-5807646549861125169/checks-ui.db backend=sqlite
2026-03-05T20:44:37.554+05:30  INFO 49347 --- [           main] r$InitializeUserDetailsManagerConfigurer : Global AuthenticationManager configured with UserDetailsService bean with name userDetailsService
2026-03-05T20:44:37.789+05:30  INFO 49347 --- [           main] o.s.b.a.e.web.EndpointLinksResolver      : Exposing 3 endpoints beneath base path '/actuator'
2026-03-05T20:44:37.803+05:30  INFO 49347 --- [           main] o.s.b.t.m.w.SpringBootMockServletContext : Initializing Spring TestDispatcherServlet ''
2026-03-05T20:44:37.803+05:30  INFO 49347 --- [           main] o.s.t.web.servlet.TestDispatcherServlet  : Initializing Servlet ''
2026-03-05T20:44:37.804+05:30  INFO 49347 --- [           main] o.s.t.web.servlet.TestDispatcherServlet  : Completed initialization in 1 ms
2026-03-05T20:44:37.822+05:30  INFO 49347 --- [           main] c.i.c.s.UiControllerIntegrationTest      : Started UiControllerIntegrationTest in 1.078 seconds (process running for 1.42)
2026-03-05T20:44:37.861+05:30  INFO 49347 --- [           main] org.flywaydb.core.FlywayExecutor         : Database: jdbc:sqlite:/var/folders/x1/rk88_1cs6sg8yvcgzzsfnvkm0000gn/T/ui-controller-it-5807646549861125169/checks-ui.db (SQLite 3.47)
2026-03-05T20:44:37.863+05:30  INFO 49347 --- [           main] o.f.core.internal.command.DbValidate     : Successfully validated 2 migrations (execution time 00:00.000s)
2026-03-05T20:44:37.863+05:30  INFO 49347 --- [           main] o.f.core.internal.command.DbMigrate      : Current version of schema "main": 2
2026-03-05T20:44:37.863+05:30  INFO 49347 --- [           main] o.f.core.internal.command.DbMigrate      : Schema "main" is up to date. No migration necessary.
2026-03-05T20:44:37.951+05:30  INFO 49347 --- [           main] c.ideas.contracts.service.UiController   : event=ui_route_access component=ui_controller route=check_detail request_id=162baaad-ea1d-4855-a74a-8f2592a48090 arg1=ui-run-1 arg2=-
]]></system-out>
  </testcase>
  <testcase name="contractDetailPageShowsRecentChecks" classname="com.ideas.contracts.service.UiControllerIntegrationTest" time="0.008">
    <system-out><![CDATA[2026-03-05T20:44:38.060+05:30  INFO 49347 --- [           main] c.ideas.contracts.service.UiController   : event=ui_route_access component=ui_controller route=contract_detail request_id=3f680c8b-33cc-48ec-b2f9-76d67705aef3 arg1=orders.created arg2=-
]]></system-out>
  </testcase>
  <testcase name="contractsPageSupportsSearch" classname="com.ideas.contracts.service.UiControllerIntegrationTest" time="0.007">
    <system-out><![CDATA[2026-03-05T20:44:38.069+05:30  INFO 49347 --- [           main] c.ideas.contracts.service.UiController   : event=ui_route_access component=ui_controller route=contracts request_id=ca861b23-f24c-4e48-96d1-12d0733d3ebe arg1=orders arg2=-
]]></system-out>
  </testcase>
  <testcase name="dashboardPageRendersRecentCheck" classname="com.ideas.contracts.service.UiControllerIntegrationTest" time="0.006">
    <system-out><![CDATA[2026-03-05T20:44:38.075+05:30  INFO 49347 --- [           main] c.ideas.contracts.service.UiController   : event=ui_route_access component=ui_controller route=dashboard request_id=30b45778-fe4d-4c93-90da-88356b50ac70 arg1=- arg2=-
]]></system-out>
  </testcase>
</testsuite>