<?xml version="1.0" encoding="UTF-8"?>
<testsuite xmlns:xsi="http://www.w3.org/2001/XMLSchema-instance" xsi:noNamespaceSchemaLocation="https://maven.apache.org/surefire/maven-surefire-plugin/xsd/surefire-test-report.xsd" version="3.0.2" name="com.ideas.contracts.service.CheckRunStoreMySqlPathTest" time="9.573" tests="4" errors="0" skipped="0" failures="0">
  <properties>
[...]
</properties>
  <testcase name="mySqlPathNetworkFailureReturnsUnavailableStoreException" classname="com.ideas.contracts.service.CheckRunStoreMySqlPathTest" time="4.59">
    <system-out><![CDATA[2026-05-03T12:09:13.596+05:30  INFO 70573 --- [           main] com.zaxxer.hikari.HikariDataSource       : check-run-store-pool - Starting...
2026-05-03T12:09:13.596+05:30  INFO 70573 --- [           main] com.zaxxer.hikari.HikariDataSource       : check-run-store-pool - Start completed.
2026-05-03T12:09:13.597+05:30  INFO 70573 --- [           main] c.ideas.contracts.service.CheckRunStore  : event=check_store_migrations_selected component=check_run_store backend=mysql locations=classpath:db/migration-mysql
2026-05-03T12:09:15.385+05:30 ERROR 70573 --- [           main] c.ideas.contracts.service.CheckRunStore  : event=db_operation_failed component=check_run_store operation=initialize_check_store db_target=jdbc:mysql://127.0.0.1:1/contracts?connectTimeout=1000&socketTimeout=1000&useSSL=false contract_id=- commit_sha=- sql_state=- sql_vendor_code=- error_type=FlywaySqlException error_message=Unable to obtain connection from database: check-run-store-pool - Connection is not available, request timed out after 255ms (total=0, active=0, idle=0, waiting=0)
-------------------------------------------------------------------------------------------------------------------------------------------------------------------
SQL State  : 08S01
Error Code : 0
Message    : Communications link failure

The last packet sent successfully to the server was 0 milliseconds ago. The driver has not received any packets from the server.

2026-05-03T12:09:15.385+05:30  WARN 70573 --- [           main] c.ideas.contracts.service.CheckRunStore  : event=check_store_init_deferred component=check_run_store db_target=jdbc:mysql://127.0.0.1:1/contracts?connectTimeout=1000&socketTimeout=1000&useSSL=false message=Will retry on first checks request
2026-05-03T12:09:15.387+05:30  INFO 70573 --- [           main] c.ideas.contracts.service.CheckRunStore  : event=check_store_migrations_selected component=check_run_store backend=mysql locations=classpath:db/migration-mysql
2026-05-03T12:09:17.179+05:30 ERROR 70573 --- [           main] c.ideas.contracts.service.CheckRunStore  : event=db_operation_failed component=check_run_store operation=initialize_check_store db_target=jdbc:mysql://127.0.0.1:1/contracts?connectTimeout=1000&socketTimeout=1000&useSSL=false contract_id=- commit_sha=- sql_state=- sql_vendor_code=- error_type=FlywaySqlException error_message=Unable to obtain connection from database: check-run-store-pool - Connection is not available, request timed out after 255ms (total=0, active=0, idle=0, waiting=0)
-------------------------------------------------------------------------------------------------------------------------------------------------------------------
SQL State  : 08S01
Error Code : 0
Message    : Communications link failure

The last packet sent successfully to the server was 0 milliseconds ago. The driver has not received any packets from the server.

2026-05-03T12:09:17.179+05:30  INFO 70573 --- [           main] com.zaxxer.hikari.HikariDataSource       : check-run-store-pool - Shutdown initiated...
2026-05-03T12:09:18.185+05:30  WARN 70573 --- [           main] com.zaxxer.hikari.pool.HikariPool        : Timed-out waiting for add connection executor to shutdown
2026-05-03T12:09:18.185+05:30  INFO 70573 --- [           main] com.zaxxer.hikari.HikariDataSource       : check-run-store-pool - Shutdown completed.
]]></system-out>
  </testcase>
  <testcase name="mySqlPathSchemaMismatchThrowsQueryFailure" classname="com.ideas.contracts.service.CheckRunStoreMySqlPathTest" time="0.257">
    <system-out><![CDATA[2026-05-03T12:09:18.253+05:30  INFO 70573 --- [           main] org.flywaydb.core.FlywayExecutor         : Database: jdbc:mysql://localhost:3306/unit_schema_mismatch_6bae210593794d17bfcb18b334c8471b (MySQL 8.0)
2026-05-03T12:09:18.262+05:30  INFO 70573 --- [           main] o.f.c.i.s.JdbcTableSchemaHistory         : Schema history table `unit_schema_mismatch_6bae210593794d17bfcb18b334c8471b`.`flyway_schema_history` does not exist yet
2026-05-03T12:09:18.263+05:30  INFO 70573 --- [           main] o.f.core.internal.command.DbValidate     : Successfully validated 6 migrations (execution time 00:00.005s)
2026-05-03T12:09:18.272+05:30  INFO 70573 --- [           main] o.f.c.i.s.JdbcTableSchemaHistory         : Creating Schema History table `unit_schema_mismatch_6bae210593794d17bfcb18b334c8471b`.`flyway_schema_history` ...
2026-05-03T12:09:18.291+05:30  INFO 70573 --- [           main] o.f.core.internal.command.DbMigrate      : Current version of schema `unit_schema_mismatch_6bae210593794d17bfcb18b334c8471b`: << Empty Schema >>
2026-05-03T12:09:18.292+05:30  INFO 70573 --- [           main] o.f.core.internal.command.DbMigrate      : Migrating schema `unit_schema_mismatch_6bae210593794d17bfcb18b334c8471b` to version "1 - create check runs"
2026-05-03T12:09:18.305+05:30  INFO 70573 --- [           main] o.f.core.internal.command.DbMigrate      : Migrating schema `unit_schema_mismatch_6bae210593794d17bfcb18b334c8471b` to version "2 - add check run indexes"
2026-05-03T12:09:18.321+05:30  INFO 70573 --- [           main] o.f.core.internal.command.DbMigrate      : Migrating schema `unit_schema_mismatch_6bae210593794d17bfcb18b334c8471b` to version "3 - add check run queue fields"
2026-05-03T12:09:18.354+05:30  INFO 70573 --- [           main] o.f.core.internal.command.DbMigrate      : Migrating schema `unit_schema_mismatch_6bae210593794d17bfcb18b334c8471b` to version "4 - create check run logs"
2026-05-03T12:09:18.364+05:30  INFO 70573 --- [           main] o.f.core.internal.command.DbMigrate      : Migrating schema `unit_schema_mismatch_6bae210593794d17bfcb18b334c8471b` to version "5 - create audit logs"
2026-05-03T12:09:18.379+05:30  INFO 70573 --- [           main] o.f.core.internal.command.DbMigrate      : Migrating schema `unit_schema_mismatch_6bae210593794d17bfcb18b334c8471b` to version "6 - add check run operational indexes"
2026-05-03T12:09:18.392+05:30  INFO 70573 --- [           main] o.f.core.internal.command.DbMigrate      : Successfully applied 6 migrations to schema `unit_schema_mismatch_6bae210593794d17bfcb18b334c8471b`, now at version v6 (execution time 00:00.065s)
2026-05-03T12:09:18.399+05:30  INFO 70573 --- [           main] com.zaxxer.hikari.HikariDataSource       : check-run-store-pool - Starting...
2026-05-03T12:09:18.399+05:30  INFO 70573 --- [           main] com.zaxxer.hikari.HikariDataSource       : check-run-store-pool - Start completed.
2026-05-03T12:09:18.399+05:30  INFO 70573 --- [           main] c.ideas.contracts.service.CheckRunStore  : event=check_store_migrations_selected component=check_run_store backend=mysql locations=classpath:db/migration-mysql
2026-05-03T12:09:18.404+05:30  INFO 70573 --- [           main] org.flywaydb.core.FlywayExecutor         : Database: jdbc:mysql://localhost:3306/unit_schema_mismatch_6bae210593794d17bfcb18b334c8471b (MySQL 8.0)
2026-05-03T12:09:18.407+05:30  INFO 70573 --- [           main] o.f.core.internal.command.DbValidate     : Successfully validated 6 migrations (execution time 00:00.001s)
2026-05-03T12:09:18.409+05:30  INFO 70573 --- [           main] o.f.core.internal.command.DbMigrate      : Current version of schema `unit_schema_mismatch_6bae210593794d17bfcb18b334c8471b`: 6
2026-05-03T12:09:18.410+05:30  INFO 70573 --- [           main] o.f.core.internal.command.DbMigrate      : Schema `unit_schema_mismatch_6bae210593794d17bfcb18b334c8471b` is up to date. No migration necessary.
2026-05-03T12:09:18.410+05:30  INFO 70573 --- [           main] c.ideas.contracts.service.CheckRunStore  : event=check_store_initialized component=check_run_store db_target=jdbc:mysql://localhost:3306/unit_schema_mismatch_6bae210593794d17bfcb18b334c8471b?useSSL=false&allowPublicKeyRetrieval=true&serverTimezone=UTC backend=mysql
2026-05-03T12:09:18.423+05:30 ERROR 70573 --- [           main] c.ideas.contracts.service.CheckRunStore  : event=db_operation_failed component=check_run_store operation=list_check_runs db_target=jdbc:mysql://localhost:3306/unit_schema_mismatch_6bae210593794d17bfcb18b334c8471b?useSSL=false&allowPublicKeyRetrieval=true&serverTimezone=UTC contract_id=orders.created commit_sha=- sql_state=42S22 sql_vendor_code=1054 error_type=SQLSyntaxErrorException error_message=Unknown column 'warnings' in 'field list'
2026-05-03T12:09:18.423+05:30  INFO 70573 --- [           main] com.zaxxer.hikari.HikariDataSource       : check-run-store-pool - Shutdown initiated...
2026-05-03T12:09:18.436+05:30  INFO 70573 --- [           main] com.zaxxer.hikari.HikariDataSource       : check-run-store-pool - Shutdown completed.
]]></system-out>
  </testcase>
  <testcase name="mySqlPathSuccessReturnsStoredRows" classname="com.ideas.contracts.service.CheckRunStoreMySqlPathTest" time="0.108">
    <system-out><![CDATA[2026-05-03T12:09:18.449+05:30  INFO 70573 --- [           main] com.zaxxer.hikari.HikariDataSource       : check-run-store-pool - Starting...
2026-05-03T12:09:18.449+05:30  INFO 70573 --- [           main] com.zaxxer.hikari.HikariDataSource       : check-run-store-pool - Start completed.
2026-05-03T12:09:18.449+05:30  INFO 70573 --- [           main] c.ideas.contracts.service.CheckRunStore  : event=check_store_migrations_selected component=check_run_store backend=mysql locations=classpath:db/migration-mysql
2026-05-03T12:09:18.453+05:30  INFO 70573 --- [           main] org.flywaydb.core.FlywayExecutor         : Database: jdbc:mysql://localhost:3306/unit_success_73ca0c2621fd4121b58ce8d2f14837f8 (MySQL 8.0)
2026-05-03T12:09:18.456+05:30  INFO 70573 --- [           main] o.f.c.i.s.JdbcTableSchemaHistory         : Schema history table `unit_success_73ca0c2621fd4121b58ce8d2f14837f8`.`flyway_schema_history` does not exist yet
2026-05-03T12:09:18.456+05:30  INFO 70573 --- [           main] o.f.core.internal.command.DbValidate     : Successfully validated 6 migrations (execution time 00:00.001s)
2026-05-03T12:09:18.459+05:30  INFO 70573 --- [           main] o.f.c.i.s.JdbcTableSchemaHistory         : Creating Schema History table `unit_success_73ca0c2621fd4121b58ce8d2f14837f8`.`flyway_schema_history` ...
2026-05-03T12:09:18.466+05:30  INFO 70573 --- [           main] o.f.core.internal.command.DbMigrate      : Current version of schema `unit_success_73ca0c2621fd4121b58ce8d2f14837f8`: << Empty Schema >>
2026-05-03T12:09:18.467+05:30  INFO 70573 --- [           main] o.f.core.internal.command.DbMigrate      : Migrating schema `unit_success_73ca0c2621fd4121b58ce8d2f14837f8` to version "1 - create check runs"
2026-05-03T12:09:18.473+05:30  INFO 70573 --- [           main] o.f.core.internal.command.DbMigrate      : Migrating schema `unit_success_73ca0c2621fd4121b58ce8d2f14837f8` to version "2 - add check run indexes"
2026-05-03T12:09:18.483+05:30  INFO 70573 --- [           main] o.f.core.internal.command.DbMigrate      : Migrating schema `unit_success_73ca0c2621fd4121b58ce8d2f14837f8` to version "3 - add check run queue fields"
2026-05-03T12:09:18.510+05:30  INFO 70573 --- [           main] o.f.core.internal.command.DbMigrate      : Migrating schema `unit_success_73ca0c2621fd4121b58ce8d2f14837f8` to version "4 - create check run logs"
2026-05-03T12:09:18.518+05:30  INFO 70573 --- [           main] o.f.core.internal.command.DbMigrate      : Migrating schema `unit_success_73ca0c2621fd4121b58ce8d2f14837f8` to version "5 - create audit logs"
2026-05-03T12:09:18.532+05:30  INFO 70573 --- [           main] o.f.core.internal.command.DbMigrate      : Migrating schema `unit_success_73ca0c2621fd4121b58ce8d2f14837f8` to version "6 - add check run operational indexes"
2026-05-03T12:09:18.544+05:30  INFO 70573 --- [           main] o.f.core.internal.command.DbMigrate      : Successfully applied 6 migrations to schema `unit_success_73ca0c2621fd4121b58ce8d2f14837f8`, now at version v6 (execution time 00:00.050s)
2026-05-03T12:09:18.544+05:30  INFO 70573 --- [           main] c.ideas.contracts.service.CheckRunStore  : event=check_store_initialized component=check_run_store db_target=jdbc:mysql://localhost:3306/unit_success_73ca0c2621fd4121b58ce8d2f14837f8?useSSL=false&allowPublicKeyRetrieval=true&serverTimezone=UTC backend=mysql
2026-05-03T12:09:18.546+05:30  INFO 70573 --- [           main] com.zaxxer.hikari.HikariDataSource       : check-run-store-pool - Shutdown initiated...
2026-05-03T12:09:18.547+05:30  INFO 70573 --- [           main] com.zaxxer.hikari.HikariDataSource       : check-run-store-pool - Shutdown completed.
]]></system-out>
  </testcase>
  <testcase name="mySqlPathAuthFailureReturnsUnavailableStoreException" classname="com.ideas.contracts.service.CheckRunStoreMySqlPathTest" time="4.601">
    <system-out><![CDATA[2026-05-03T12:09:18.557+05:30  INFO 70573 --- [           main] com.zaxxer.hikari.HikariDataSource       : check-run-store-pool - Starting...
2026-05-03T12:09:18.557+05:30  INFO 70573 --- [           main] com.zaxxer.hikari.HikariDataSource       : check-run-store-pool - Start completed.
2026-05-03T12:09:18.557+05:30  INFO 70573 --- [           main] c.ideas.contracts.service.CheckRunStore  : event=check_store_migrations_selected component=check_run_store backend=mysql locations=classpath:db/migration-mysql
2026-05-03T12:09:20.340+05:30 ERROR 70573 --- [           main] c.ideas.contracts.service.CheckRunStore  : event=db_operation_failed component=check_run_store operation=initialize_check_store db_target=jdbc:mysql://localhost:3306/unit_auth_failure_64c642b700db4a43bc18299ea84ddca2?useSSL=false&allowPublicKeyRetrieval=true&serverTimezone=UTC contract_id=- commit_sha=- sql_state=- sql_vendor_code=- error_type=FlywaySqlException error_message=Unable to obtain connection from database: check-run-store-pool - Connection is not available, request timed out after 255ms (total=0, active=0, idle=0, waiting=0)
-------------------------------------------------------------------------------------------------------------------------------------------------------------------
SQL State  : 28000
Error Code : 1045
Message    : Access denied for user 'dcg_missing_user_cfb4ae529fb046779f4bae720b80d82'@'localhost' (using password: YES)

2026-05-03T12:09:20.341+05:30  WARN 70573 --- [           main] c.ideas.contracts.service.CheckRunStore  : event=check_store_init_deferred component=check_run_store db_target=jdbc:mysql://localhost:3306/unit_auth_failure_64c642b700db4a43bc18299ea84ddca2?useSSL=false&allowPublicKeyRetrieval=true&serverTimezone=UTC message=Will retry on first checks request
2026-05-03T12:09:20.342+05:30  INFO 70573 --- [           main] c.ideas.contracts.service.CheckRunStore  : event=check_store_migrations_selected component=check_run_store backend=mysql locations=classpath:db/migration-mysql
2026-05-03T12:09:22.135+05:30 ERROR 70573 --- [           main] c.ideas.contracts.service.CheckRunStore  : event=db_operation_failed component=check_run_store operation=initialize_check_store db_target=jdbc:mysql://localhost:3306/unit_auth_failure_64c642b700db4a43bc18299ea84ddca2?useSSL=false&allowPublicKeyRetrieval=true&serverTimezone=UTC contract_id=- commit_sha=- sql_state=- sql_vendor_code=- error_type=FlywaySqlException error_message=Unable to obtain connection from database: check-run-store-pool - Connection is not available, request timed out after 255ms (total=0, active=0, idle=0, waiting=0)
-------------------------------------------------------------------------------------------------------------------------------------------------------------------
SQL State  : 28000
Error Code : 1045
Message    : Access denied for user 'dcg_missing_user_cfb4ae529fb046779f4bae720b80d82'@'localhost' (using password: YES)

2026-05-03T12:09:22.136+05:30  INFO 70573 --- [           main] com.zaxxer.hikari.HikariDataSource       : check-run-store-pool - Shutdown initiated...
2026-05-03T12:09:23.140+05:30  WARN 70573 --- [           main] com.zaxxer.hikari.pool.HikariPool        : Timed-out waiting for add connection executor to shutdown
2026-05-03T12:09:23.141+05:30  INFO 70573 --- [           main] com.zaxxer.hikari.HikariDataSource       : check-run-store-pool - Shutdown completed.
]]></system-out>
  </testcase>
</testsuite>