<?xml version="1.0" encoding="UTF-8"?>
<testsuite xmlns:xsi="http://www.w3.org/2001/XMLSchema-instance" xsi:noNamespaceSchemaLocation="https://maven.apache.org/surefire/maven-surefire-plugin/xsd/surefire-test-report.xsd" version="3.0.2" name="com.ideas.contracts.service.CheckRunStoreTest" time="7.768" tests="11" errors="0" skipped="0" failures="0">
  <properties>
[...]
</properties>
  <testcase name="constructorFailsWhenCredentialEnvVariableIsMissing" classname="com.ideas.contracts.service.CheckRunStoreTest" time="0.002"/>
  <testcase name="listThrowsStoreExceptionWhenDbPathIsUnavailable" classname="com.ideas.contracts.service.CheckRunStoreTest" time="3.074">
    <system-out><![CDATA[2026-03-24T21:27:09.694+05:30  INFO 98956 --- [           main] com.zaxxer.hikari.HikariDataSource       : check-run-store-pool - Starting...
2026-03-24T21:27:09.695+05:30  INFO 98956 --- [           main] com.zaxxer.hikari.HikariDataSource       : check-run-store-pool - Start completed.
2026-03-24T21:27:11.231+05:30 ERROR 98956 --- [           main] c.ideas.contracts.service.CheckRunStore  : event=db_operation_failed component=check_run_store operation=initialize_check_store db_target=/var/folders/x1/rk88_1cs6sg8yvcgzzsfnvkm0000gn/T/junit15788274706711562855/checks-directory contract_id=- commit_sha=- sql_state=- sql_vendor_code=- error_type=FlywaySqlException error_message=Unable to obtain connection from database: check-run-store-pool - Connection is not available, request timed out after 254ms (total=0, active=0, idle=0, waiting=0)
-------------------------------------------------------------------------------------------------------------------------------------------------------------------
SQL State  : null
Error Code : 14
Message    : [SQLITE_CANTOPEN] Unable to open the database file (unable to open database file)

2026-03-24T21:27:11.232+05:30  WARN 98956 --- [           main] c.ideas.contracts.service.CheckRunStore  : event=check_store_init_deferred component=check_run_store db_target=/var/folders/x1/rk88_1cs6sg8yvcgzzsfnvkm0000gn/T/junit15788274706711562855/checks-directory message=Will retry on first checks request
2026-03-24T21:27:12.764+05:30 ERROR 98956 --- [           main] c.ideas.contracts.service.CheckRunStore  : event=db_operation_failed component=check_run_store operation=initialize_check_store db_target=/var/folders/x1/rk88_1cs6sg8yvcgzzsfnvkm0000gn/T/junit15788274706711562855/checks-directory contract_id=- commit_sha=- sql_state=- sql_vendor_code=- error_type=FlywaySqlException error_message=Unable to obtain connection from database: check-run-store-pool - Connection is not available, request timed out after 251ms (total=0, active=0, idle=0, waiting=0)
-------------------------------------------------------------------------------------------------------------------------------------------------------------------
SQL State  : null
Error Code : 14
Message    : [SQLITE_CANTOPEN] Unable to open the database file (unable to open database file)

]]></system-out>
  </testcase>
  <testcase name="listReturnsUnavailableWhenPostgresNetworkIsUnreachable" classname="com.ideas.contracts.service.CheckRunStoreTest" time="3.072">
    <system-out><![CDATA[2026-03-24T21:27:12.772+05:30  INFO 98956 --- [           main] com.zaxxer.hikari.HikariDataSource       : check-run-store-pool - Starting...
2026-03-24T21:27:12.779+05:30  INFO 98956 --- [           main] com.zaxxer.hikari.HikariDataSource       : check-run-store-pool - Start completed.
2026-03-24T21:27:14.303+05:30 ERROR 98956 --- [           main] c.ideas.contracts.service.CheckRunStore  : event=db_operation_failed component=check_run_store operation=initialize_check_store db_target=jdbc:postgresql://127.0.0.1:1/contracts?connectTimeout=1&socketTimeout=1 contract_id=- commit_sha=- sql_state=- sql_vendor_code=- error_type=FlywaySqlException error_message=Unable to obtain connection from database: check-run-store-pool - Connection is not available, request timed out after 250ms (total=0, active=0, idle=0, waiting=0)
-------------------------------------------------------------------------------------------------------------------------------------------------------------------
SQL State  : 08001
Error Code : 0
Message    : Connection to 127.0.0.1:1 refused. Check that the hostname and port are correct and that the postmaster is accepting TCP/IP connections.

2026-03-24T21:27:14.303+05:30  WARN 98956 --- [           main] c.ideas.contracts.service.CheckRunStore  : event=check_store_init_deferred component=check_run_store db_target=jdbc:postgresql://127.0.0.1:1/contracts?connectTimeout=1&socketTimeout=1 message=Will retry on first checks request
2026-03-24T21:27:15.841+05:30 ERROR 98956 --- [           main] c.ideas.contracts.service.CheckRunStore  : event=db_operation_failed component=check_run_store operation=initialize_check_store db_target=jdbc:postgresql://127.0.0.1:1/contracts?connectTimeout=1&socketTimeout=1 contract_id=- commit_sha=- sql_state=- sql_vendor_code=- error_type=FlywaySqlException error_message=Unable to obtain connection from database: check-run-store-pool - Connection is not available, request timed out after 255ms (total=0, active=0, idle=0, waiting=0)
-------------------------------------------------------------------------------------------------------------------------------------------------------------------
SQL State  : 08001
Error Code : 0
Message    : Connection to 127.0.0.1:1 refused. Check that the hostname and port are correct and that the postmaster is accepting TCP/IP connections.

]]></system-out>
  </testcase>
  <testcase name="listPageSupportsPaginationAndStatusFilter" classname="com.ideas.contracts.service.CheckRunStoreTest" time="0.018">
    <system-out><![CDATA[2026-03-24T21:27:15.842+05:30  INFO 98956 --- [           main] com.zaxxer.hikari.HikariDataSource       : check-run-store-pool - Starting...
2026-03-24T21:27:15.843+05:30  INFO 98956 --- [           main] com.zaxxer.hikari.HikariDataSource       : check-run-store-pool - Start completed.
2026-03-24T21:27:15.846+05:30  INFO 98956 --- [           main] org.flywaydb.core.FlywayExecutor         : Database: jdbc:sqlite:/var/folders/x1/rk88_1cs6sg8yvcgzzsfnvkm0000gn/T/junit15326965185013141955/checks-page.db (SQLite 3.47)
2026-03-24T21:27:15.848+05:30  INFO 98956 --- [           main] o.f.c.i.s.JdbcTableSchemaHistory         : Schema history table "main"."flyway_schema_history" does not exist yet
2026-03-24T21:27:15.848+05:30  INFO 98956 --- [           main] o.f.core.internal.command.DbValidate     : Successfully validated 5 migrations (execution time 00:00.000s)
2026-03-24T21:27:15.848+05:30  INFO 98956 --- [           main] o.f.c.i.s.JdbcTableSchemaHistory         : Creating Schema History table "main"."flyway_schema_history" ...
2026-03-24T21:27:15.850+05:30  INFO 98956 --- [           main] o.f.core.internal.command.DbMigrate      : Current version of schema "main": << Empty Schema >>
2026-03-24T21:27:15.850+05:30  INFO 98956 --- [           main] o.f.core.internal.command.DbMigrate      : Migrating schema "main" to version "1 - create check runs"
2026-03-24T21:27:15.852+05:30  INFO 98956 --- [           main] o.f.core.internal.command.DbMigrate      : Migrating schema "main" to version "2 - add check run indexes"
2026-03-24T21:27:15.853+05:30  INFO 98956 --- [           main] o.f.core.internal.command.DbMigrate      : Migrating schema "main" to version "3 - add check run queue fields"
2026-03-24T21:27:15.855+05:30  INFO 98956 --- [           main] o.f.core.internal.command.DbMigrate      : Migrating schema "main" to version "4 - create check run logs"
2026-03-24T21:27:15.856+05:30  INFO 98956 --- [           main] o.f.core.internal.command.DbMigrate      : Migrating schema "main" to version "5 - create audit logs"
2026-03-24T21:27:15.857+05:30  INFO 98956 --- [           main] o.f.core.internal.command.DbMigrate      : Successfully applied 5 migrations to schema "main", now at version v5 (execution time 00:00.000s)
2026-03-24T21:27:15.857+05:30  INFO 98956 --- [           main] c.ideas.contracts.service.CheckRunStore  : event=check_store_initialized component=check_run_store db_target=/var/folders/x1/rk88_1cs6sg8yvcgzzsfnvkm0000gn/T/junit15326965185013141955/checks-page.db backend=sqlite
]]></system-out>
  </testcase>
  <testcase name="constructorFailsWhenSecurePostgresIsEnforcedWithoutStrictSslMode" classname="com.ideas.contracts.service.CheckRunStoreTest" time="0.001"/>
  <testcase name="postgresUrlGetsSslModeWhenSslIsEnabled" classname="com.ideas.contracts.service.CheckRunStoreTest" time="0.002">
    <system-out><![CDATA[2026-03-24T21:27:15.862+05:30  INFO 98956 --- [           main] com.zaxxer.hikari.HikariDataSource       : check-run-store-pool - Starting...
2026-03-24T21:27:15.863+05:30  INFO 98956 --- [           main] com.zaxxer.hikari.HikariDataSource       : check-run-store-pool - Start completed.
]]></system-out>
  </testcase>
  <testcase name="initializeFailsFastWhenEnabledAndStoreCannotInitialize" classname="com.ideas.contracts.service.CheckRunStoreTest" time="1.535">
    <system-out><![CDATA[2026-03-24T21:27:15.863+05:30  INFO 98956 --- [           main] com.zaxxer.hikari.HikariDataSource       : check-run-store-pool - Starting...
2026-03-24T21:27:15.863+05:30  INFO 98956 --- [           main] com.zaxxer.hikari.HikariDataSource       : check-run-store-pool - Start completed.
2026-03-24T21:27:17.394+05:30 ERROR 98956 --- [           main] c.ideas.contracts.service.CheckRunStore  : event=db_operation_failed component=check_run_store operation=initialize_check_store db_target=/var/folders/x1/rk88_1cs6sg8yvcgzzsfnvkm0000gn/T/junit7572817653026979501/checks-directory-fast-fail contract_id=- commit_sha=- sql_state=- sql_vendor_code=- error_type=FlywaySqlException error_message=Unable to obtain connection from database: check-run-store-pool - Connection is not available, request timed out after 253ms (total=0, active=0, idle=0, waiting=0)
-------------------------------------------------------------------------------------------------------------------------------------------------------------------
SQL State  : null
Error Code : 14
Message    : [SQLITE_CANTOPEN] Unable to open the database file (unable to open database file)

]]></system-out>
  </testcase>
  <testcase name="queuedRunTransitionsThroughLifecycle" classname="com.ideas.contracts.service.CheckRunStoreTest" time="0.028">
    <system-out><![CDATA[2026-03-24T21:27:17.400+05:30  INFO 98956 --- [           main] com.zaxxer.hikari.HikariDataSource       : check-run-store-pool - Starting...
2026-03-24T21:27:17.401+05:30  INFO 98956 --- [           main] com.zaxxer.hikari.HikariDataSource       : check-run-store-pool - Start completed.
2026-03-24T21:27:17.409+05:30  INFO 98956 --- [           main] org.flywaydb.core.FlywayExecutor         : Database: jdbc:sqlite:/var/folders/x1/rk88_1cs6sg8yvcgzzsfnvkm0000gn/T/junit12505684207394843723/checks-queue.db (SQLite 3.47)
2026-03-24T21:27:17.411+05:30  INFO 98956 --- [           main] o.f.c.i.s.JdbcTableSchemaHistory         : Schema history table "main"."flyway_schema_history" does not exist yet
2026-03-24T21:27:17.412+05:30  INFO 98956 --- [           main] o.f.core.internal.command.DbValidate     : Successfully validated 5 migrations (execution time 00:00.001s)
2026-03-24T21:27:17.412+05:30  INFO 98956 --- [           main] o.f.c.i.s.JdbcTableSchemaHistory         : Creating Schema History table "main"."flyway_schema_history" ...
2026-03-24T21:27:17.414+05:30  INFO 98956 --- [           main] o.f.core.internal.command.DbMigrate      : Current version of schema "main": << Empty Schema >>
2026-03-24T21:27:17.415+05:30  INFO 98956 --- [           main] o.f.core.internal.command.DbMigrate      : Migrating schema "main" to version "1 - create check runs"
2026-03-24T21:27:17.417+05:30  INFO 98956 --- [           main] o.f.core.internal.command.DbMigrate      : Migrating schema "main" to version "2 - add check run indexes"
2026-03-24T21:27:17.418+05:30  INFO 98956 --- [           main] o.f.core.internal.command.DbMigrate      : Migrating schema "main" to version "3 - add check run queue fields"
2026-03-24T21:27:17.421+05:30  INFO 98956 --- [           main] o.f.core.internal.command.DbMigrate      : Migrating schema "main" to version "4 - create check run logs"
2026-03-24T21:27:17.423+05:30  INFO 98956 --- [           main] o.f.core.internal.command.DbMigrate      : Migrating schema "main" to version "5 - create audit logs"
2026-03-24T21:27:17.424+05:30  INFO 98956 --- [           main] o.f.core.internal.command.DbMigrate      : Successfully applied 5 migrations to schema "main", now at version v5 (execution time 00:00.000s)
2026-03-24T21:27:17.424+05:30  INFO 98956 --- [           main] c.ideas.contracts.service.CheckRunStore  : event=check_store_initialized component=check_run_store db_target=/var/folders/x1/rk88_1cs6sg8yvcgzzsfnvkm0000gn/T/junit12505684207394843723/checks-queue.db backend=sqlite
]]></system-out>
  </testcase>
  <testcase name="configuredDbTargetSanitizesJdbcCredentials" classname="com.ideas.contracts.service.CheckRunStoreTest" time="0.001">
    <system-out><![CDATA[2026-03-24T21:27:17.427+05:30  INFO 98956 --- [           main] com.zaxxer.hikari.HikariDataSource       : check-run-store-pool - Starting...
2026-03-24T21:27:17.428+05:30  INFO 98956 --- [           main] com.zaxxer.hikari.HikariDataSource       : check-run-store-pool - Start completed.
]]></system-out>
  </testcase>
  <testcase name="findByRunIdReturnsMatchingRowOrEmpty" classname="com.ideas.contracts.service.CheckRunStoreTest" time="0.015">
    <system-out><![CDATA[2026-03-24T21:27:17.429+05:30  INFO 98956 --- [           main] com.zaxxer.hikari.HikariDataSource       : check-run-store-pool - Starting...
2026-03-24T21:27:17.429+05:30  INFO 98956 --- [           main] com.zaxxer.hikari.HikariDataSource       : check-run-store-pool - Start completed.
2026-03-24T21:27:17.433+05:30  INFO 98956 --- [           main] org.flywaydb.core.FlywayExecutor         : Database: jdbc:sqlite:/var/folders/x1/rk88_1cs6sg8yvcgzzsfnvkm0000gn/T/junit12248209416250085130/checks-find.db (SQLite 3.47)
2026-03-24T21:27:17.434+05:30  INFO 98956 --- [           main] o.f.c.i.s.JdbcTableSchemaHistory         : Schema history table "main"."flyway_schema_history" does not exist yet
2026-03-24T21:27:17.434+05:30  INFO 98956 --- [           main] o.f.core.internal.command.DbValidate     : Successfully validated 5 migrations (execution time 00:00.000s)
2026-03-24T21:27:17.435+05:30  INFO 98956 --- [           main] o.f.c.i.s.JdbcTableSchemaHistory         : Creating Schema History table "main"."flyway_schema_history" ...
2026-03-24T21:27:17.436+05:30  INFO 98956 --- [           main] o.f.core.internal.command.DbMigrate      : Current version of schema "main": << Empty Schema >>
2026-03-24T21:27:17.437+05:30  INFO 98956 --- [           main] o.f.core.internal.command.DbMigrate      : Migrating schema "main" to version "1 - create check runs"
2026-03-24T21:27:17.438+05:30  INFO 98956 --- [           main] o.f.core.internal.command.DbMigrate      : Migrating schema "main" to version "2 - add check run indexes"
2026-03-24T21:27:17.439+05:30  INFO 98956 --- [           main] o.f.core.internal.command.DbMigrate      : Migrating schema "main" to version "3 - add check run queue fields"
2026-03-24T21:27:17.441+05:30  INFO 98956 --- [           main] o.f.core.internal.command.DbMigrate      : Migrating schema "main" to version "4 - create check run logs"
2026-03-24T21:27:17.442+05:30  INFO 98956 --- [           main] o.f.core.internal.command.DbMigrate      : Migrating schema "main" to version "5 - create audit logs"
2026-03-24T21:27:17.443+05:30  INFO 98956 --- [           main] o.f.core.internal.command.DbMigrate      : Successfully applied 5 migrations to schema "main", now at version v5 (execution time 00:00.000s)
2026-03-24T21:27:17.443+05:30  INFO 98956 --- [           main] c.ideas.contracts.service.CheckRunStore  : event=check_store_initialized component=check_run_store db_target=/var/folders/x1/rk88_1cs6sg8yvcgzzsfnvkm0000gn/T/junit12248209416250085130/checks-find.db backend=sqlite
]]></system-out>
  </testcase>
  <testcase name="listParsesJsonArrayAndLegacyStringFormats" classname="com.ideas.contracts.service.CheckRunStoreTest" time="0.014">
    <system-out><![CDATA[2026-03-24T21:27:17.445+05:30  INFO 98956 --- [           main] com.zaxxer.hikari.HikariDataSource       : check-run-store-pool - Starting...
2026-03-24T21:27:17.445+05:30  INFO 98956 --- [           main] com.zaxxer.hikari.HikariDataSource       : check-run-store-pool - Start completed.
2026-03-24T21:27:17.448+05:30  INFO 98956 --- [           main] org.flywaydb.core.FlywayExecutor         : Database: jdbc:sqlite:/var/folders/x1/rk88_1cs6sg8yvcgzzsfnvkm0000gn/T/junit269720584996608802/checks-test.db (SQLite 3.47)
2026-03-24T21:27:17.449+05:30  INFO 98956 --- [           main] o.f.c.i.s.JdbcTableSchemaHistory         : Schema history table "main"."flyway_schema_history" does not exist yet
2026-03-24T21:27:17.449+05:30  INFO 98956 --- [           main] o.f.core.internal.command.DbValidate     : Successfully validated 5 migrations (execution time 00:00.000s)
2026-03-24T21:27:17.450+05:30  INFO 98956 --- [           main] o.f.c.i.s.JdbcTableSchemaHistory         : Creating Schema History table "main"."flyway_schema_history" ...
2026-03-24T21:27:17.451+05:30  INFO 98956 --- [           main] o.f.core.internal.command.DbMigrate      : Current version of schema "main": << Empty Schema >>
2026-03-24T21:27:17.451+05:30  INFO 98956 --- [           main] o.f.core.internal.command.DbMigrate      : Migrating schema "main" to version "1 - create check runs"
2026-03-24T21:27:17.452+05:30  INFO 98956 --- [           main] o.f.core.internal.command.DbMigrate      : Migrating schema "main" to version "2 - add check run indexes"
2026-03-24T21:27:17.453+05:30  INFO 98956 --- [           main] o.f.core.internal.command.DbMigrate      : Migrating schema "main" to version "3 - add check run queue fields"
2026-03-24T21:27:17.455+05:30  INFO 98956 --- [           main] o.f.core.internal.command.DbMigrate      : Migrating schema "main" to version "4 - create check run logs"
2026-03-24T21:27:17.456+05:30  INFO 98956 --- [           main] o.f.core.internal.command.DbMigrate      : Migrating schema "main" to version "5 - create audit logs"
2026-03-24T21:27:17.457+05:30  INFO 98956 --- [           main] o.f.core.internal.command.DbMigrate      : Successfully applied 5 migrations to schema "main", now at version v5 (execution time 00:00.000s)
2026-03-24T21:27:17.457+05:30  INFO 98956 --- [           main] c.ideas.contracts.service.CheckRunStore  : event=check_store_initialized component=check_run_store db_target=/var/folders/x1/rk88_1cs6sg8yvcgzzsfnvkm0000gn/T/junit269720584996608802/checks-test.db backend=sqlite
]]></system-out>
  </testcase>
</testsuite>